---------------------------------------------------------------
[ 2018-07-30T15:08:11+08:00 ] 127.0.0.1 GET /
[ info ] 127.0.0.1/ [运行时间：0.494934s][吞吐率：2.02req/s] [内存消耗：1,568.38kb] [文件加载：43]
[ info ] [ LANG ] D:\phpStudy\TestManagementSystem\htdocs\thinkphp\lang\zh-cn.php
[ info ] [ ROUTE ] array (
  'type' => 'module',
  'module' => 
  array (
    0 => '',
    1 => NULL,
    2 => NULL,
  ),
)
[ info ] [ HEADER ] array (
  'host' => '127.0.0.1',
  'connection' => 'keep-alive',
  'upgrade-insecure-requests' => '1',
  'user-agent' => 'Mozilla/5.0 (Windows NT 10.0; Win64; x64) AppleWebKit/537.36 (KHTML, like Gecko) Chrome/67.0.3396.18 Safari/537.36',
  'accept' => 'text/html,application/xhtml+xml,application/xml;q=0.9,image/webp,image/apng,*/*;q=0.8',
  'accept-encoding' => 'gzip, deflate, br',
  'accept-language' => 'zh-CN,zh;q=0.9',
)
[ info ] [ PARAM ] array (
)
[ info ] [ RUN ] app\index\controller\Login->index[ D:\phpStudy\TestManagementSystem\htdocs\application\index\controller\Login.php ]
[ info ] [ VIEW ] D:\phpStudy\TestManagementSystem\htdocs/application/index\view\login\login.html [ array (
) ]
[ info ] [ LOG ] INIT File
---------------------------------------------------------------
[ 2018-07-30T15:08:13+08:00 ] 127.0.0.1 POST /index.php/index/Login/verifyLogin
[ info ] 127.0.0.1/index.php/index/Login/verifyLogin [运行时间：0.588788s][吞吐率：1.70req/s] [内存消耗：2,650.09kb] [文件加载：52]
[ info ] [ LANG ] D:\phpStudy\TestManagementSystem\htdocs\thinkphp\lang\zh-cn.php
[ info ] [ ROUTE ] array (
  'type' => 'module',
  'module' => 
  array (
    0 => 'index',
    1 => 'Login',
    2 => 'verifyLogin',
  ),
)
[ info ] [ HEADER ] array (
  'host' => '127.0.0.1',
  'connection' => 'keep-alive',
  'content-length' => '25',
  'accept' => '*/*',
  'origin' => 'http://127.0.0.1',
  'x-requested-with' => 'XMLHttpRequest',
  'user-agent' => 'Mozilla/5.0 (Windows NT 10.0; Win64; x64) AppleWebKit/537.36 (KHTML, like Gecko) Chrome/67.0.3396.18 Safari/537.36',
  'content-type' => 'application/x-www-form-urlencoded; charset=UTF-8',
  'referer' => 'http://127.0.0.1/',
  'accept-encoding' => 'gzip, deflate, br',
  'accept-language' => 'zh-CN,zh;q=0.9',
)
[ info ] [ PARAM ] array (
  'userName' => 'fjk',
  'userPwd' => 'Zmpr',
)
[ info ] [ RUN ] app\index\controller\Login->verifyLogin[ D:\phpStudy\TestManagementSystem\htdocs\application\index\controller\Login.php ]
[ info ] [ DB ] INIT mysql
[ info ] [ SESSION ] INIT array (
  'id' => '',
  'var_session_id' => '',
  'prefix' => 'think',
  'type' => '',
  'auto_start' => true,
)
[ info ] [ LOG ] INIT File
[ sql ] [ DB ] CONNECT:[ UseTime:0.136141s ] mysql:host=127.0.0.1;dbname=tms;charset=utf8
[ sql ] [ SQL ] SHOW COLUMNS FROM `tms_user` [ RunTime:0.221053s ]
[ sql ] [ SQL ] SELECT * FROM `tms_user` WHERE  `user_name` = 'fjk'  AND `status` <> 0 LIMIT 1 [ RunTime:0.006623s ]
---------------------------------------------------------------
[ 2018-07-30T15:08:13+08:00 ] 127.0.0.1 GET /index.php/index/index
[ info ] 127.0.0.1/index.php/index/index [运行时间：0.082197s][吞吐率：12.17req/s] [内存消耗：1,589.63kb] [文件加载：43]
[ info ] [ LANG ] D:\phpStudy\TestManagementSystem\htdocs\thinkphp\lang\zh-cn.php
[ info ] [ ROUTE ] array (
  'type' => 'module',
  'module' => 
  array (
    0 => 'index',
    1 => 'index',
    2 => NULL,
  ),
)
[ info ] [ HEADER ] array (
  'host' => '127.0.0.1',
  'connection' => 'keep-alive',
  'upgrade-insecure-requests' => '1',
  'user-agent' => 'Mozilla/5.0 (Windows NT 10.0; Win64; x64) AppleWebKit/537.36 (KHTML, like Gecko) Chrome/67.0.3396.18 Safari/537.36',
  'accept' => 'text/html,application/xhtml+xml,application/xml;q=0.9,image/webp,image/apng,*/*;q=0.8',
  'referer' => 'http://127.0.0.1/',
  'accept-encoding' => 'gzip, deflate, br',
  'accept-language' => 'zh-CN,zh;q=0.9',
  'cookie' => 'PHPSESSID=43fjc45noitnv6eiog64gkgar6; userName=null; rememberUser=null',
)
[ info ] [ PARAM ] array (
)
[ info ] [ RUN ] app\index\controller\Index->index[ D:\phpStudy\TestManagementSystem\htdocs\application\index\controller\Index.php ]
[ info ] [ SESSION ] INIT array (
  'id' => '',
  'var_session_id' => '',
  'prefix' => 'think',
  'type' => '',
  'auto_start' => true,
)
[ info ] [ VIEW ] D:\phpStudy\TestManagementSystem\htdocs/application/index\view\index\index.html [ array (
  0 => 'realName',
  1 => 'userId',
) ]
[ info ] [ LOG ] INIT File
---------------------------------------------------------------
[ 2018-07-30T15:08:13+08:00 ] 127.0.0.1 GET /index.php/index/index/update_log_page
[ info ] 127.0.0.1/index.php/index/index/update_log_page [运行时间：0.080066s][吞吐率：12.49req/s] [内存消耗：1,571.41kb] [文件加载：43]
[ info ] [ LANG ] D:\phpStudy\TestManagementSystem\htdocs\thinkphp\lang\zh-cn.php
[ info ] [ ROUTE ] array (
  'type' => 'module',
  'module' => 
  array (
    0 => 'index',
    1 => 'index',
    2 => 'update_log_page',
  ),
)
[ info ] [ HEADER ] array (
  'host' => '127.0.0.1',
  'connection' => 'keep-alive',
  'upgrade-insecure-requests' => '1',
  'user-agent' => 'Mozilla/5.0 (Windows NT 10.0; Win64; x64) AppleWebKit/537.36 (KHTML, like Gecko) Chrome/67.0.3396.18 Safari/537.36',
  'accept' => 'text/html,application/xhtml+xml,application/xml;q=0.9,image/webp,image/apng,*/*;q=0.8',
  'referer' => 'http://127.0.0.1/index.php/index/index',
  'accept-encoding' => 'gzip, deflate, br',
  'accept-language' => 'zh-CN,zh;q=0.9',
  'cookie' => 'PHPSESSID=43fjc45noitnv6eiog64gkgar6; userName=null; rememberUser=null',
)
[ info ] [ PARAM ] array (
)
[ info ] [ RUN ] app\index\controller\Index->update_log_page[ D:\phpStudy\TestManagementSystem\htdocs\application\index\controller\Index.php ]
[ info ] [ VIEW ] D:\phpStudy\TestManagementSystem\htdocs/application/index\view\index\update_log_page.html [ array (
) ]
[ info ] [ LOG ] INIT File
---------------------------------------------------------------
[ 2018-07-30T15:08:19+08:00 ] 127.0.0.1 GET /index.php/testcase/testcase_management
[ info ] 127.0.0.1/index.php/testcase/testcase_management [运行时间：0.273462s][吞吐率：3.66req/s] [内存消耗：2,717.04kb] [文件加载：52]
[ info ] [ LANG ] D:\phpStudy\TestManagementSystem\htdocs\thinkphp\lang\zh-cn.php
[ info ] [ ROUTE ] array (
  'type' => 'module',
  'module' => 
  array (
    0 => 'testcase',
    1 => 'testcase_management',
    2 => NULL,
  ),
)
[ info ] [ HEADER ] array (
  'host' => '127.0.0.1',
  'connection' => 'keep-alive',
  'upgrade-insecure-requests' => '1',
  'user-agent' => 'Mozilla/5.0 (Windows NT 10.0; Win64; x64) AppleWebKit/537.36 (KHTML, like Gecko) Chrome/67.0.3396.18 Safari/537.36',
  'accept' => 'text/html,application/xhtml+xml,application/xml;q=0.9,image/webp,image/apng,*/*;q=0.8',
  'referer' => 'http://127.0.0.1/index.php/index/index',
  'accept-encoding' => 'gzip, deflate, br',
  'accept-language' => 'zh-CN,zh;q=0.9',
  'cookie' => 'PHPSESSID=43fjc45noitnv6eiog64gkgar6; userName=null; rememberUser=null',
)
[ info ] [ PARAM ] array (
)
[ info ] [ RUN ] app\testcase\controller\TestcaseManagement->index[ D:\phpStudy\TestManagementSystem\htdocs\application\testcase\controller\TestcaseManagement.php ]
[ info ] [ DB ] INIT mysql
[ info ] [ SESSION ] INIT array (
  'id' => '',
  'var_session_id' => '',
  'prefix' => 'think',
  'type' => '',
  'auto_start' => true,
)
[ info ] [ VIEW ] D:\phpStudy\TestManagementSystem\htdocs/application/testcase\view\testcase_management\index.html [ array (
  0 => 'prjLst',
  1 => 'realName',
  2 => 'userID',
) ]
[ info ] [ LOG ] INIT File
[ sql ] [ DB ] CONNECT:[ UseTime:0.001022s ] mysql:host=127.0.0.1;dbname=tms;charset=utf8
[ sql ] [ SQL ] SHOW COLUMNS FROM `tms_project` [ RunTime:0.043396s ]
[ sql ] [ SQL ] SELECT * FROM `tms_project` WHERE  ( `status` <> 0 AND `status` <> 2 ) ORDER BY id desc [ RunTime:0.028340s ]
---------------------------------------------------------------
[ 2018-07-30T15:08:21+08:00 ] 127.0.0.1 POST /index.php/testcase/node_management/getPrjNode
[ info ] 127.0.0.1/index.php/testcase/node_management/getPrjNode [运行时间：0.197816s][吞吐率：5.06req/s] [内存消耗：2,668.83kb] [文件加载：52]
[ info ] [ LANG ] D:\phpStudy\TestManagementSystem\htdocs\thinkphp\lang\zh-cn.php
[ info ] [ ROUTE ] array (
  'type' => 'module',
  'module' => 
  array (
    0 => 'testcase',
    1 => 'node_management',
    2 => 'getPrjNode',
  ),
)
[ info ] [ HEADER ] array (
  'host' => '127.0.0.1',
  'connection' => 'keep-alive',
  'content-length' => '8',
  'accept' => '*/*',
  'origin' => 'http://127.0.0.1',
  'x-requested-with' => 'XMLHttpRequest',
  'user-agent' => 'Mozilla/5.0 (Windows NT 10.0; Win64; x64) AppleWebKit/537.36 (KHTML, like Gecko) Chrome/67.0.3396.18 Safari/537.36',
  'content-type' => 'application/x-www-form-urlencoded; charset=UTF-8',
  'referer' => 'http://127.0.0.1/index.php/testcase/testcase_management',
  'accept-encoding' => 'gzip, deflate, br',
  'accept-language' => 'zh-CN,zh;q=0.9',
  'cookie' => 'PHPSESSID=43fjc45noitnv6eiog64gkgar6; userName=null; rememberUser=null',
)
[ info ] [ PARAM ] array (
  'prjId' => '20',
)
[ info ] [ RUN ] app\testcase\controller\NodeManagement->getPrjNode[ D:\phpStudy\TestManagementSystem\htdocs\application\testcase\controller\NodeManagement.php ]
[ info ] [ DB ] INIT mysql
[ info ] [ LOG ] INIT File
[ sql ] [ DB ] CONNECT:[ UseTime:0.003242s ] mysql:host=127.0.0.1;dbname=tms;charset=utf8
[ sql ] [ SQL ] SHOW COLUMNS FROM `tms_node` [ RunTime:0.054050s ]
[ sql ] [ SQL ] SELECT * FROM `tms_node` WHERE  `prj_id` = 20  AND `status` = 1 ORDER BY id desc [ RunTime:0.031437s ]
---------------------------------------------------------------
[ 2018-07-30T15:08:21+08:00 ] 127.0.0.1 GET /public/static/plugins/bootstrap-table/fonts/glyphicons-halflings-regular.woff
[ info ] 127.0.0.1/public/static/plugins/bootstrap-table/fonts/glyphicons-halflings-regular.woff [运行时间：0.445477s][吞吐率：2.24req/s] [内存消耗：1,322.06kb] [文件加载：38]
[ info ] [ LANG ] D:\phpStudy\TestManagementSystem\htdocs\thinkphp\lang\zh-cn.php
[ info ] [ ROUTE ] array (
  'type' => 'module',
  'module' => 
  array (
    0 => 'static',
    1 => 'plugins',
    2 => 'bootstrap-table',
  ),
)
[ info ] [ HEADER ] array (
  'host' => '127.0.0.1',
  'connection' => 'keep-alive',
  'origin' => 'http://127.0.0.1',
  'user-agent' => 'Mozilla/5.0 (Windows NT 10.0; Win64; x64) AppleWebKit/537.36 (KHTML, like Gecko) Chrome/67.0.3396.18 Safari/537.36',
  'accept' => '*/*',
  'referer' => 'http://127.0.0.1/public/static/plugins/bootstrap-table/css/bootstrap.min.css',
  'accept-encoding' => 'gzip, deflate, br',
  'accept-language' => 'zh-CN,zh;q=0.9',
  'cookie' => 'PHPSESSID=43fjc45noitnv6eiog64gkgar6; userName=null; rememberUser=null',
)
[ info ] [ PARAM ] array (
  'fonts' => 'glyphicons-halflings-regular.woff',
)
[ info ] [ LOG ] INIT File
---------------------------------------------------------------
[ 2018-07-30T15:08:21+08:00 ] 127.0.0.1 GET /public/static/plugins/bootstrap-table/fonts/glyphicons-halflings-regular.ttf
[ info ] 127.0.0.1/public/static/plugins/bootstrap-table/fonts/glyphicons-halflings-regular.ttf [运行时间：0.078376s][吞吐率：12.76req/s] [内存消耗：1,322.07kb] [文件加载：38]
[ info ] [ LANG ] D:\phpStudy\TestManagementSystem\htdocs\thinkphp\lang\zh-cn.php
[ info ] [ ROUTE ] array (
  'type' => 'module',
  'module' => 
  array (
    0 => 'static',
    1 => 'plugins',
    2 => 'bootstrap-table',
  ),
)
[ info ] [ HEADER ] array (
  'host' => '127.0.0.1',
  'connection' => 'keep-alive',
  'origin' => 'http://127.0.0.1',
  'user-agent' => 'Mozilla/5.0 (Windows NT 10.0; Win64; x64) AppleWebKit/537.36 (KHTML, like Gecko) Chrome/67.0.3396.18 Safari/537.36',
  'accept' => '*/*',
  'referer' => 'http://127.0.0.1/public/static/plugins/bootstrap-table/css/bootstrap.min.css',
  'accept-encoding' => 'gzip, deflate, br',
  'accept-language' => 'zh-CN,zh;q=0.9',
  'cookie' => 'PHPSESSID=43fjc45noitnv6eiog64gkgar6; userName=null; rememberUser=null',
)
[ info ] [ PARAM ] array (
  'fonts' => 'glyphicons-halflings-regular.ttf',
)
[ info ] [ LOG ] INIT File
---------------------------------------------------------------
[ 2018-07-30T15:08:26+08:00 ] 127.0.0.1 GET /index.php/testcase/testcase_management
[ info ] 127.0.0.1/index.php/testcase/testcase_management [运行时间：0.088070s][吞吐率：11.35req/s] [内存消耗：2,717.04kb] [文件加载：52]
[ info ] [ LANG ] D:\phpStudy\TestManagementSystem\htdocs\thinkphp\lang\zh-cn.php
[ info ] [ ROUTE ] array (
  'type' => 'module',
  'module' => 
  array (
    0 => 'testcase',
    1 => 'testcase_management',
    2 => NULL,
  ),
)
[ info ] [ HEADER ] array (
  'host' => '127.0.0.1',
  'connection' => 'keep-alive',
  'upgrade-insecure-requests' => '1',
  'user-agent' => 'Mozilla/5.0 (Windows NT 10.0; Win64; x64) AppleWebKit/537.36 (KHTML, like Gecko) Chrome/67.0.3396.18 Safari/537.36',
  'accept' => 'text/html,application/xhtml+xml,application/xml;q=0.9,image/webp,image/apng,*/*;q=0.8',
  'referer' => 'http://127.0.0.1/index.php/index/index',
  'accept-encoding' => 'gzip, deflate, br',
  'accept-language' => 'zh-CN,zh;q=0.9',
  'cookie' => 'PHPSESSID=43fjc45noitnv6eiog64gkgar6; userName=null; rememberUser=null',
)
[ info ] [ PARAM ] array (
)
[ info ] [ RUN ] app\testcase\controller\TestcaseManagement->index[ D:\phpStudy\TestManagementSystem\htdocs\application\testcase\controller\TestcaseManagement.php ]
[ info ] [ DB ] INIT mysql
[ info ] [ SESSION ] INIT array (
  'id' => '',
  'var_session_id' => '',
  'prefix' => 'think',
  'type' => '',
  'auto_start' => true,
)
[ info ] [ VIEW ] D:\phpStudy\TestManagementSystem\htdocs/application/testcase\view\testcase_management\index.html [ array (
  0 => 'prjLst',
  1 => 'realName',
  2 => 'userID',
) ]
[ info ] [ LOG ] INIT File
[ sql ] [ DB ] CONNECT:[ UseTime:0.004164s ] mysql:host=127.0.0.1;dbname=tms;charset=utf8
[ sql ] [ SQL ] SHOW COLUMNS FROM `tms_project` [ RunTime:0.012712s ]
[ sql ] [ SQL ] SELECT * FROM `tms_project` WHERE  ( `status` <> 0 AND `status` <> 2 ) ORDER BY id desc [ RunTime:0.001086s ]
---------------------------------------------------------------
[ 2018-07-30T15:08:28+08:00 ] 127.0.0.1 GET /index.php/note/note_management
[ info ] 127.0.0.1/index.php/note/note_management [运行时间：0.085589s][吞吐率：11.68req/s] [内存消耗：1,588.66kb] [文件加载：43]
[ info ] [ LANG ] D:\phpStudy\TestManagementSystem\htdocs\thinkphp\lang\zh-cn.php
[ info ] [ ROUTE ] array (
  'type' => 'module',
  'module' => 
  array (
    0 => 'note',
    1 => 'note_management',
    2 => NULL,
  ),
)
[ info ] [ HEADER ] array (
  'host' => '127.0.0.1',
  'connection' => 'keep-alive',
  'upgrade-insecure-requests' => '1',
  'user-agent' => 'Mozilla/5.0 (Windows NT 10.0; Win64; x64) AppleWebKit/537.36 (KHTML, like Gecko) Chrome/67.0.3396.18 Safari/537.36',
  'accept' => 'text/html,application/xhtml+xml,application/xml;q=0.9,image/webp,image/apng,*/*;q=0.8',
  'referer' => 'http://127.0.0.1/index.php/index/index',
  'accept-encoding' => 'gzip, deflate, br',
  'accept-language' => 'zh-CN,zh;q=0.9',
  'cookie' => 'PHPSESSID=43fjc45noitnv6eiog64gkgar6; userName=null; rememberUser=null',
)
[ info ] [ PARAM ] array (
)
[ info ] [ RUN ] app\note\controller\NoteManagement->index[ D:\phpStudy\TestManagementSystem\htdocs\application\note\controller\NoteManagement.php ]
[ info ] [ SESSION ] INIT array (
  'id' => '',
  'var_session_id' => '',
  'prefix' => 'think',
  'type' => '',
  'auto_start' => true,
)
[ info ] [ VIEW ] D:\phpStudy\TestManagementSystem\htdocs/application/note\view\note_management\index.html [ array (
  0 => 'realName',
  1 => 'userID',
) ]
[ info ] [ LOG ] INIT File
---------------------------------------------------------------
[ 2018-07-30T15:08:28+08:00 ] 127.0.0.1 POST /index.php/note/note_management/getNoteBookNode
[ info ] 127.0.0.1/index.php/note/note_management/getNoteBookNode [运行时间：0.154511s][吞吐率：6.47req/s] [内存消耗：2,710.60kb] [文件加载：52]
[ info ] [ LANG ] D:\phpStudy\TestManagementSystem\htdocs\thinkphp\lang\zh-cn.php
[ info ] [ ROUTE ] array (
  'type' => 'module',
  'module' => 
  array (
    0 => 'note',
    1 => 'note_management',
    2 => 'getNoteBookNode',
  ),
)
[ info ] [ HEADER ] array (
  'host' => '127.0.0.1',
  'connection' => 'keep-alive',
  'content-length' => '8',
  'accept' => '*/*',
  'origin' => 'http://127.0.0.1',
  'x-requested-with' => 'XMLHttpRequest',
  'user-agent' => 'Mozilla/5.0 (Windows NT 10.0; Win64; x64) AppleWebKit/537.36 (KHTML, like Gecko) Chrome/67.0.3396.18 Safari/537.36',
  'content-type' => 'application/x-www-form-urlencoded; charset=UTF-8',
  'referer' => 'http://127.0.0.1/index.php/note/note_management',
  'accept-encoding' => 'gzip, deflate, br',
  'accept-language' => 'zh-CN,zh;q=0.9',
  'cookie' => 'PHPSESSID=43fjc45noitnv6eiog64gkgar6; userName=null; rememberUser=null',
)
[ info ] [ PARAM ] array (
  'userId' => '1',
)
[ info ] [ RUN ] app\note\controller\NoteManagement->getNoteBookNode[ D:\phpStudy\TestManagementSystem\htdocs\application\note\controller\NoteManagement.php ]
[ info ] [ DB ] INIT mysql
[ info ] [ LOG ] INIT File
[ sql ] [ DB ] CONNECT:[ UseTime:0.001674s ] mysql:host=127.0.0.1;dbname=tms;charset=utf8
[ sql ] [ SQL ] SHOW COLUMNS FROM `tms_note_book` [ RunTime:0.079984s ]
[ sql ] [ SQL ] SELECT * FROM `tms_note_book` WHERE  `creator_id` = 1  AND `status` = 1 ORDER BY modify_date desc [ RunTime:0.003193s ]
---------------------------------------------------------------
[ 2018-07-30T15:08:28+08:00 ] 127.0.0.1 GET /public/static/plugins/bootstrap-table/fonts/glyphicons-halflings-regular.woff
[ info ] 127.0.0.1/public/static/plugins/bootstrap-table/fonts/glyphicons-halflings-regular.woff [运行时间：0.043360s][吞吐率：23.06req/s] [内存消耗：1,322.07kb] [文件加载：38]
[ info ] [ LANG ] D:\phpStudy\TestManagementSystem\htdocs\thinkphp\lang\zh-cn.php
[ info ] [ ROUTE ] array (
  'type' => 'module',
  'module' => 
  array (
    0 => 'static',
    1 => 'plugins',
    2 => 'bootstrap-table',
  ),
)
[ info ] [ HEADER ] array (
  'host' => '127.0.0.1',
  'connection' => 'keep-alive',
  'origin' => 'http://127.0.0.1',
  'user-agent' => 'Mozilla/5.0 (Windows NT 10.0; Win64; x64) AppleWebKit/537.36 (KHTML, like Gecko) Chrome/67.0.3396.18 Safari/537.36',
  'accept' => '*/*',
  'referer' => 'http://127.0.0.1/public/static/plugins/bootstrap-table/css/bootstrap.min.css',
  'accept-encoding' => 'gzip, deflate, br',
  'accept-language' => 'zh-CN,zh;q=0.9',
  'cookie' => 'PHPSESSID=43fjc45noitnv6eiog64gkgar6; userName=null; rememberUser=null',
)
[ info ] [ PARAM ] array (
  'fonts' => 'glyphicons-halflings-regular.woff',
)
[ info ] [ LOG ] INIT File
---------------------------------------------------------------
[ 2018-07-30T15:08:28+08:00 ] 127.0.0.1 GET /public/static/plugins/bootstrap-table/fonts/glyphicons-halflings-regular.ttf
[ info ] 127.0.0.1/public/static/plugins/bootstrap-table/fonts/glyphicons-halflings-regular.ttf [运行时间：0.041069s][吞吐率：24.35req/s] [内存消耗：1,322.04kb] [文件加载：38]
[ info ] [ LANG ] D:\phpStudy\TestManagementSystem\htdocs\thinkphp\lang\zh-cn.php
[ info ] [ ROUTE ] array (
  'type' => 'module',
  'module' => 
  array (
    0 => 'static',
    1 => 'plugins',
    2 => 'bootstrap-table',
  ),
)
[ info ] [ HEADER ] array (
  'host' => '127.0.0.1',
  'connection' => 'keep-alive',
  'origin' => 'http://127.0.0.1',
  'user-agent' => 'Mozilla/5.0 (Windows NT 10.0; Win64; x64) AppleWebKit/537.36 (KHTML, like Gecko) Chrome/67.0.3396.18 Safari/537.36',
  'accept' => '*/*',
  'referer' => 'http://127.0.0.1/public/static/plugins/bootstrap-table/css/bootstrap.min.css',
  'accept-encoding' => 'gzip, deflate, br',
  'accept-language' => 'zh-CN,zh;q=0.9',
  'cookie' => 'PHPSESSID=43fjc45noitnv6eiog64gkgar6; userName=null; rememberUser=null',
)
[ info ] [ PARAM ] array (
  'fonts' => 'glyphicons-halflings-regular.ttf',
)
[ info ] [ LOG ] INIT File
---------------------------------------------------------------
[ 2018-07-30T15:08:28+08:00 ] 127.0.0.1 POST /index.php/note/note_management/getNoteContent
[ info ] 127.0.0.1/index.php/note/note_management/getNoteContent [运行时间：0.112426s][吞吐率：8.89req/s] [内存消耗：2,677.67kb] [文件加载：52]
[ info ] [ LANG ] D:\phpStudy\TestManagementSystem\htdocs\thinkphp\lang\zh-cn.php
[ info ] [ ROUTE ] array (
  'type' => 'module',
  'module' => 
  array (
    0 => 'note',
    1 => 'note_management',
    2 => 'getNoteContent',
  ),
)
[ info ] [ HEADER ] array (
  'host' => '127.0.0.1',
  'connection' => 'keep-alive',
  'content-length' => '12',
  'accept' => '*/*',
  'origin' => 'http://127.0.0.1',
  'x-requested-with' => 'XMLHttpRequest',
  'user-agent' => 'Mozilla/5.0 (Windows NT 10.0; Win64; x64) AppleWebKit/537.36 (KHTML, like Gecko) Chrome/67.0.3396.18 Safari/537.36',
  'content-type' => 'application/x-www-form-urlencoded; charset=UTF-8',
  'referer' => 'http://127.0.0.1/index.php/note/note_management',
  'accept-encoding' => 'gzip, deflate, br',
  'accept-language' => 'zh-CN,zh;q=0.9',
  'cookie' => 'PHPSESSID=43fjc45noitnv6eiog64gkgar6; userName=null; rememberUser=null',
)
[ info ] [ PARAM ] array (
  'noteBookId' => '7',
)
[ info ] [ RUN ] app\note\controller\NoteManagement->getNoteContent[ D:\phpStudy\TestManagementSystem\htdocs\application\note\controller\NoteManagement.php ]
[ info ] [ DB ] INIT mysql
[ info ] [ LOG ] INIT File
[ sql ] [ DB ] CONNECT:[ UseTime:0.004419s ] mysql:host=127.0.0.1;dbname=tms;charset=utf8
[ sql ] [ SQL ] SHOW COLUMNS FROM `tms_note_book` [ RunTime:0.009769s ]
[ sql ] [ SQL ] SELECT * FROM `tms_note_book` WHERE  `id` = 7 LIMIT 1 [ RunTime:0.011366s ]
---------------------------------------------------------------
[ 2018-07-30T15:11:33+08:00 ] 127.0.0.1 GET /index.php/testcase/testcase_management
[ info ] 127.0.0.1/index.php/testcase/testcase_management [运行时间：0.145336s][吞吐率：6.88req/s] [内存消耗：2,877.20kb] [文件加载：54]
[ info ] [ LANG ] D:\phpStudy\TestManagementSystem\htdocs\thinkphp\lang\zh-cn.php
[ info ] [ ROUTE ] array (
  'type' => 'module',
  'module' => 
  array (
    0 => 'testcase',
    1 => 'testcase_management',
    2 => NULL,
  ),
)
[ info ] [ HEADER ] array (
  'host' => '127.0.0.1',
  'connection' => 'keep-alive',
  'upgrade-insecure-requests' => '1',
  'user-agent' => 'Mozilla/5.0 (Windows NT 10.0; Win64; x64) AppleWebKit/537.36 (KHTML, like Gecko) Chrome/67.0.3396.18 Safari/537.36',
  'accept' => 'text/html,application/xhtml+xml,application/xml;q=0.9,image/webp,image/apng,*/*;q=0.8',
  'referer' => 'http://127.0.0.1/index.php/index/index',
  'accept-encoding' => 'gzip, deflate, br',
  'accept-language' => 'zh-CN,zh;q=0.9',
  'cookie' => 'PHPSESSID=43fjc45noitnv6eiog64gkgar6; userName=null; rememberUser=null',
)
[ info ] [ PARAM ] array (
)
[ info ] [ RUN ] app\testcase\controller\TestcaseManagement->index[ D:\phpStudy\TestManagementSystem\htdocs\application\testcase\controller\TestcaseManagement.php ]
[ info ] [ DB ] INIT mysql
[ info ] [ SESSION ] INIT array (
  'id' => '',
  'var_session_id' => '',
  'prefix' => 'think',
  'type' => '',
  'auto_start' => true,
)
[ info ] [ VIEW ] D:\phpStudy\TestManagementSystem\htdocs/application/testcase\view\testcase_management\index.html [ array (
  0 => 'prjLst',
  1 => 'realName',
  2 => 'userID',
) ]
[ info ] [ LOG ] INIT File
[ sql ] [ DB ] CONNECT:[ UseTime:0.001533s ] mysql:host=127.0.0.1;dbname=tms;charset=utf8
[ sql ] [ SQL ] SHOW COLUMNS FROM `tms_project` [ RunTime:0.017617s ]
[ sql ] [ SQL ] SELECT * FROM `tms_project` WHERE  ( `status` <> 0 AND `status` <> 2 ) ORDER BY id desc [ RunTime:0.000774s ]
---------------------------------------------------------------
[ 2018-07-30T15:11:35+08:00 ] 127.0.0.1 POST /index.php/testcase/node_management/getPrjNode
[ info ] 127.0.0.1/index.php/testcase/node_management/getPrjNode [运行时间：0.069769s][吞吐率：14.33req/s] [内存消耗：2,668.83kb] [文件加载：52]
[ info ] [ LANG ] D:\phpStudy\TestManagementSystem\htdocs\thinkphp\lang\zh-cn.php
[ info ] [ ROUTE ] array (
  'type' => 'module',
  'module' => 
  array (
    0 => 'testcase',
    1 => 'node_management',
    2 => 'getPrjNode',
  ),
)
[ info ] [ HEADER ] array (
  'host' => '127.0.0.1',
  'connection' => 'keep-alive',
  'content-length' => '8',
  'accept' => '*/*',
  'origin' => 'http://127.0.0.1',
  'x-requested-with' => 'XMLHttpRequest',
  'user-agent' => 'Mozilla/5.0 (Windows NT 10.0; Win64; x64) AppleWebKit/537.36 (KHTML, like Gecko) Chrome/67.0.3396.18 Safari/537.36',
  'content-type' => 'application/x-www-form-urlencoded; charset=UTF-8',
  'referer' => 'http://127.0.0.1/index.php/testcase/testcase_management',
  'accept-encoding' => 'gzip, deflate, br',
  'accept-language' => 'zh-CN,zh;q=0.9',
  'cookie' => 'PHPSESSID=43fjc45noitnv6eiog64gkgar6; userName=null; rememberUser=null',
)
[ info ] [ PARAM ] array (
  'prjId' => '20',
)
[ info ] [ RUN ] app\testcase\controller\NodeManagement->getPrjNode[ D:\phpStudy\TestManagementSystem\htdocs\application\testcase\controller\NodeManagement.php ]
[ info ] [ DB ] INIT mysql
[ info ] [ LOG ] INIT File
[ sql ] [ DB ] CONNECT:[ UseTime:0.001184s ] mysql:host=127.0.0.1;dbname=tms;charset=utf8
[ sql ] [ SQL ] SHOW COLUMNS FROM `tms_node` [ RunTime:0.015763s ]
[ sql ] [ SQL ] SELECT * FROM `tms_node` WHERE  `prj_id` = 20  AND `status` = 1 ORDER BY id desc [ RunTime:0.000765s ]
---------------------------------------------------------------
[ 2018-07-30T15:11:35+08:00 ] 127.0.0.1 GET /public/static/plugins/bootstrap-table/fonts/glyphicons-halflings-regular.woff
[ info ] 127.0.0.1/public/static/plugins/bootstrap-table/fonts/glyphicons-halflings-regular.woff [运行时间：0.045446s][吞吐率：22.00req/s] [内存消耗：1,322.06kb] [文件加载：38]
[ info ] [ LANG ] D:\phpStudy\TestManagementSystem\htdocs\thinkphp\lang\zh-cn.php
[ info ] [ ROUTE ] array (
  'type' => 'module',
  'module' => 
  array (
    0 => 'static',
    1 => 'plugins',
    2 => 'bootstrap-table',
  ),
)
[ info ] [ HEADER ] array (
  'host' => '127.0.0.1',
  'connection' => 'keep-alive',
  'origin' => 'http://127.0.0.1',
  'user-agent' => 'Mozilla/5.0 (Windows NT 10.0; Win64; x64) AppleWebKit/537.36 (KHTML, like Gecko) Chrome/67.0.3396.18 Safari/537.36',
  'accept' => '*/*',
  'referer' => 'http://127.0.0.1/public/static/plugins/bootstrap-table/css/bootstrap.min.css',
  'accept-encoding' => 'gzip, deflate, br',
  'accept-language' => 'zh-CN,zh;q=0.9',
  'cookie' => 'PHPSESSID=43fjc45noitnv6eiog64gkgar6; userName=null; rememberUser=null',
)
[ info ] [ PARAM ] array (
  'fonts' => 'glyphicons-halflings-regular.woff',
)
[ info ] [ LOG ] INIT File
---------------------------------------------------------------
[ 2018-07-30T15:11:35+08:00 ] 127.0.0.1 GET /public/static/plugins/bootstrap-table/fonts/glyphicons-halflings-regular.ttf
[ info ] 127.0.0.1/public/static/plugins/bootstrap-table/fonts/glyphicons-halflings-regular.ttf [运行时间：0.048299s][吞吐率：20.70req/s] [内存消耗：1,322.04kb] [文件加载：38]
[ info ] [ LANG ] D:\phpStudy\TestManagementSystem\htdocs\thinkphp\lang\zh-cn.php
[ info ] [ ROUTE ] array (
  'type' => 'module',
  'module' => 
  array (
    0 => 'static',
    1 => 'plugins',
    2 => 'bootstrap-table',
  ),
)
[ info ] [ HEADER ] array (
  'host' => '127.0.0.1',
  'connection' => 'keep-alive',
  'origin' => 'http://127.0.0.1',
  'user-agent' => 'Mozilla/5.0 (Windows NT 10.0; Win64; x64) AppleWebKit/537.36 (KHTML, like Gecko) Chrome/67.0.3396.18 Safari/537.36',
  'accept' => '*/*',
  'referer' => 'http://127.0.0.1/public/static/plugins/bootstrap-table/css/bootstrap.min.css',
  'accept-encoding' => 'gzip, deflate, br',
  'accept-language' => 'zh-CN,zh;q=0.9',
  'cookie' => 'PHPSESSID=43fjc45noitnv6eiog64gkgar6; userName=null; rememberUser=null',
)
[ info ] [ PARAM ] array (
  'fonts' => 'glyphicons-halflings-regular.ttf',
)
[ info ] [ LOG ] INIT File
---------------------------------------------------------------
[ 2018-07-30T15:11:41+08:00 ] 127.0.0.1 GET /index.php/testcase/node_management
[ info ] 127.0.0.1/index.php/testcase/node_management [运行时间：0.120646s][吞吐率：8.29req/s] [内存消耗：2,687.16kb] [文件加载：52]
[ info ] [ LANG ] D:\phpStudy\TestManagementSystem\htdocs\thinkphp\lang\zh-cn.php
[ info ] [ ROUTE ] array (
  'type' => 'module',
  'module' => 
  array (
    0 => 'testcase',
    1 => 'node_management',
    2 => NULL,
  ),
)
[ info ] [ HEADER ] array (
  'host' => '127.0.0.1',
  'connection' => 'keep-alive',
  'upgrade-insecure-requests' => '1',
  'user-agent' => 'Mozilla/5.0 (Windows NT 10.0; Win64; x64) AppleWebKit/537.36 (KHTML, like Gecko) Chrome/67.0.3396.18 Safari/537.36',
  'accept' => 'text/html,application/xhtml+xml,application/xml;q=0.9,image/webp,image/apng,*/*;q=0.8',
  'referer' => 'http://127.0.0.1/index.php/index/index',
  'accept-encoding' => 'gzip, deflate, br',
  'accept-language' => 'zh-CN,zh;q=0.9',
  'cookie' => 'PHPSESSID=43fjc45noitnv6eiog64gkgar6; userName=null; rememberUser=null',
)
[ info ] [ PARAM ] array (
)
[ info ] [ RUN ] app\testcase\controller\NodeManagement->index[ D:\phpStudy\TestManagementSystem\htdocs\application\testcase\controller\NodeManagement.php ]
[ info ] [ DB ] INIT mysql
[ info ] [ SESSION ] INIT array (
  'id' => '',
  'var_session_id' => '',
  'prefix' => 'think',
  'type' => '',
  'auto_start' => true,
)
[ info ] [ VIEW ] D:\phpStudy\TestManagementSystem\htdocs/application/testcase\view\node_management\index.html [ array (
  0 => 'prjLst',
  1 => 'realName',
  2 => 'userID',
) ]
[ info ] [ LOG ] INIT File
[ sql ] [ DB ] CONNECT:[ UseTime:0.001258s ] mysql:host=127.0.0.1;dbname=tms;charset=utf8
[ sql ] [ SQL ] SHOW COLUMNS FROM `tms_project` [ RunTime:0.014947s ]
[ sql ] [ SQL ] SELECT * FROM `tms_project` WHERE  ( `status` <> 0 AND `status` <> 2 ) ORDER BY id desc [ RunTime:0.000774s ]
---------------------------------------------------------------
[ 2018-07-30T15:11:42+08:00 ] 127.0.0.1 GET /index.php/testcase/project_management
[ info ] 127.0.0.1/index.php/testcase/project_management [运行时间：0.105640s][吞吐率：9.47req/s] [内存消耗：1,588.06kb] [文件加载：43]
[ info ] [ LANG ] D:\phpStudy\TestManagementSystem\htdocs\thinkphp\lang\zh-cn.php
[ info ] [ ROUTE ] array (
  'type' => 'module',
  'module' => 
  array (
    0 => 'testcase',
    1 => 'project_management',
    2 => NULL,
  ),
)
[ info ] [ HEADER ] array (
  'host' => '127.0.0.1',
  'connection' => 'keep-alive',
  'upgrade-insecure-requests' => '1',
  'user-agent' => 'Mozilla/5.0 (Windows NT 10.0; Win64; x64) AppleWebKit/537.36 (KHTML, like Gecko) Chrome/67.0.3396.18 Safari/537.36',
  'accept' => 'text/html,application/xhtml+xml,application/xml;q=0.9,image/webp,image/apng,*/*;q=0.8',
  'referer' => 'http://127.0.0.1/index.php/index/index',
  'accept-encoding' => 'gzip, deflate, br',
  'accept-language' => 'zh-CN,zh;q=0.9',
  'cookie' => 'PHPSESSID=43fjc45noitnv6eiog64gkgar6; userName=null; rememberUser=null',
)
[ info ] [ PARAM ] array (
)
[ info ] [ RUN ] app\testcase\controller\ProjectManagement->index[ D:\phpStudy\TestManagementSystem\htdocs\application\testcase\controller\ProjectManagement.php ]
[ info ] [ SESSION ] INIT array (
  'id' => '',
  'var_session_id' => '',
  'prefix' => 'think',
  'type' => '',
  'auto_start' => true,
)
[ info ] [ VIEW ] D:\phpStudy\TestManagementSystem\htdocs/application/testcase\view\project_management\index.html [ array (
  0 => 'realName',
  1 => 'userID',
) ]
[ info ] [ LOG ] INIT File
---------------------------------------------------------------
[ 2018-07-30T15:11:43+08:00 ] 127.0.0.1 GET /index.php/testcase/project_management/getPrjList?userId=1&order=asc&offset=0&limit=20&_=1532934702969
[ info ] 127.0.0.1/index.php/testcase/project_management/getPrjList?userId=1&order=asc&offset=0&limit=20&_=1532934702969 [运行时间：0.121489s][吞吐率：8.23req/s] [内存消耗：2,665.05kb] [文件加载：51]
[ info ] [ LANG ] D:\phpStudy\TestManagementSystem\htdocs\thinkphp\lang\zh-cn.php
[ info ] [ ROUTE ] array (
  'type' => 'module',
  'module' => 
  array (
    0 => 'testcase',
    1 => 'project_management',
    2 => 'getPrjList',
  ),
)
[ info ] [ HEADER ] array (
  'host' => '127.0.0.1',
  'connection' => 'keep-alive',
  'accept' => 'application/json, text/javascript, */*; q=0.01',
  'x-requested-with' => 'XMLHttpRequest',
  'user-agent' => 'Mozilla/5.0 (Windows NT 10.0; Win64; x64) AppleWebKit/537.36 (KHTML, like Gecko) Chrome/67.0.3396.18 Safari/537.36',
  'content-type' => 'application/json',
  'referer' => 'http://127.0.0.1/index.php/testcase/project_management',
  'accept-encoding' => 'gzip, deflate, br',
  'accept-language' => 'zh-CN,zh;q=0.9',
  'cookie' => 'PHPSESSID=43fjc45noitnv6eiog64gkgar6; userName=null; rememberUser=null',
)
[ info ] [ PARAM ] array (
  'userId' => '1',
  'order' => 'asc',
  'offset' => '0',
  'limit' => '20',
  '_' => '1532934702969',
)
[ info ] [ RUN ] app\testcase\controller\ProjectManagement->getPrjList[ D:\phpStudy\TestManagementSystem\htdocs\application\testcase\controller\ProjectManagement.php ]
[ info ] [ DB ] INIT mysql
[ info ] [ LOG ] INIT File
[ sql ] [ DB ] CONNECT:[ UseTime:0.011001s ] mysql:host=127.0.0.1;dbname=tms;charset=utf8
[ sql ] [ SQL ] SHOW COLUMNS FROM `tms_project` [ RunTime:0.021035s ]
[ sql ] [ SQL ] SELECT * FROM `tms_project` WHERE  `status` <> 0 ORDER BY id desc LIMIT 0,20 [ RunTime:0.000851s ]
[ sql ] [ SQL ] SELECT COUNT(*) AS tp_count FROM `tms_project` WHERE  `status` <> 0 LIMIT 1 [ RunTime:0.023952s ]
---------------------------------------------------------------
[ 2018-07-30T15:11:44+08:00 ] 127.0.0.1 GET /index.php/testcase/testcase_management
[ info ] 127.0.0.1/index.php/testcase/testcase_management [运行时间：0.069848s][吞吐率：14.32req/s] [内存消耗：2,717.04kb] [文件加载：52]
[ info ] [ LANG ] D:\phpStudy\TestManagementSystem\htdocs\thinkphp\lang\zh-cn.php
[ info ] [ ROUTE ] array (
  'type' => 'module',
  'module' => 
  array (
    0 => 'testcase',
    1 => 'testcase_management',
    2 => NULL,
  ),
)
[ info ] [ HEADER ] array (
  'host' => '127.0.0.1',
  'connection' => 'keep-alive',
  'upgrade-insecure-requests' => '1',
  'user-agent' => 'Mozilla/5.0 (Windows NT 10.0; Win64; x64) AppleWebKit/537.36 (KHTML, like Gecko) Chrome/67.0.3396.18 Safari/537.36',
  'accept' => 'text/html,application/xhtml+xml,application/xml;q=0.9,image/webp,image/apng,*/*;q=0.8',
  'referer' => 'http://127.0.0.1/index.php/index/index',
  'accept-encoding' => 'gzip, deflate, br',
  'accept-language' => 'zh-CN,zh;q=0.9',
  'cookie' => 'PHPSESSID=43fjc45noitnv6eiog64gkgar6; userName=null; rememberUser=null',
)
[ info ] [ PARAM ] array (
)
[ info ] [ RUN ] app\testcase\controller\TestcaseManagement->index[ D:\phpStudy\TestManagementSystem\htdocs\application\testcase\controller\TestcaseManagement.php ]
[ info ] [ DB ] INIT mysql
[ info ] [ SESSION ] INIT array (
  'id' => '',
  'var_session_id' => '',
  'prefix' => 'think',
  'type' => '',
  'auto_start' => true,
)
[ info ] [ VIEW ] D:\phpStudy\TestManagementSystem\htdocs/application/testcase\view\testcase_management\index.html [ array (
  0 => 'prjLst',
  1 => 'realName',
  2 => 'userID',
) ]
[ info ] [ LOG ] INIT File
[ sql ] [ DB ] CONNECT:[ UseTime:0.001208s ] mysql:host=127.0.0.1;dbname=tms;charset=utf8
[ sql ] [ SQL ] SHOW COLUMNS FROM `tms_project` [ RunTime:0.021390s ]
[ sql ] [ SQL ] SELECT * FROM `tms_project` WHERE  ( `status` <> 0 AND `status` <> 2 ) ORDER BY id desc [ RunTime:0.000789s ]
---------------------------------------------------------------
[ 2018-07-30T15:11:45+08:00 ] 127.0.0.1 POST /index.php/testcase/node_management/getPrjNode
[ info ] 127.0.0.1/index.php/testcase/node_management/getPrjNode [运行时间：0.071656s][吞吐率：13.96req/s] [内存消耗：2,665.41kb] [文件加载：52]
[ info ] [ LANG ] D:\phpStudy\TestManagementSystem\htdocs\thinkphp\lang\zh-cn.php
[ info ] [ ROUTE ] array (
  'type' => 'module',
  'module' => 
  array (
    0 => 'testcase',
    1 => 'node_management',
    2 => 'getPrjNode',
  ),
)
[ info ] [ HEADER ] array (
  'host' => '127.0.0.1',
  'connection' => 'keep-alive',
  'content-length' => '8',
  'accept' => '*/*',
  'origin' => 'http://127.0.0.1',
  'x-requested-with' => 'XMLHttpRequest',
  'user-agent' => 'Mozilla/5.0 (Windows NT 10.0; Win64; x64) AppleWebKit/537.36 (KHTML, like Gecko) Chrome/67.0.3396.18 Safari/537.36',
  'content-type' => 'application/x-www-form-urlencoded; charset=UTF-8',
  'referer' => 'http://127.0.0.1/index.php/testcase/testcase_management',
  'accept-encoding' => 'gzip, deflate, br',
  'accept-language' => 'zh-CN,zh;q=0.9',
  'cookie' => 'PHPSESSID=43fjc45noitnv6eiog64gkgar6; userName=null; rememberUser=null',
)
[ info ] [ PARAM ] array (
  'prjId' => '22',
)
[ info ] [ RUN ] app\testcase\controller\NodeManagement->getPrjNode[ D:\phpStudy\TestManagementSystem\htdocs\application\testcase\controller\NodeManagement.php ]
[ info ] [ DB ] INIT mysql
[ info ] [ LOG ] INIT File
[ sql ] [ DB ] CONNECT:[ UseTime:0.001255s ] mysql:host=127.0.0.1;dbname=tms;charset=utf8
[ sql ] [ SQL ] SHOW COLUMNS FROM `tms_node` [ RunTime:0.017706s ]
[ sql ] [ SQL ] SELECT * FROM `tms_node` WHERE  `prj_id` = 22  AND `status` = 1 ORDER BY id desc [ RunTime:0.000727s ]
---------------------------------------------------------------
[ 2018-07-30T15:11:45+08:00 ] 127.0.0.1 GET /public/static/plugins/bootstrap-table/fonts/glyphicons-halflings-regular.woff
[ info ] 127.0.0.1/public/static/plugins/bootstrap-table/fonts/glyphicons-halflings-regular.woff [运行时间：0.025947s][吞吐率：38.54req/s] [内存消耗：1,322.06kb] [文件加载：38]
[ info ] [ LANG ] D:\phpStudy\TestManagementSystem\htdocs\thinkphp\lang\zh-cn.php
[ info ] [ ROUTE ] array (
  'type' => 'module',
  'module' => 
  array (
    0 => 'static',
    1 => 'plugins',
    2 => 'bootstrap-table',
  ),
)
[ info ] [ HEADER ] array (
  'host' => '127.0.0.1',
  'connection' => 'keep-alive',
  'origin' => 'http://127.0.0.1',
  'user-agent' => 'Mozilla/5.0 (Windows NT 10.0; Win64; x64) AppleWebKit/537.36 (KHTML, like Gecko) Chrome/67.0.3396.18 Safari/537.36',
  'accept' => '*/*',
  'referer' => 'http://127.0.0.1/public/static/plugins/bootstrap-table/css/bootstrap.min.css',
  'accept-encoding' => 'gzip, deflate, br',
  'accept-language' => 'zh-CN,zh;q=0.9',
  'cookie' => 'PHPSESSID=43fjc45noitnv6eiog64gkgar6; userName=null; rememberUser=null',
)
[ info ] [ PARAM ] array (
  'fonts' => 'glyphicons-halflings-regular.woff',
)
[ info ] [ LOG ] INIT File
---------------------------------------------------------------
[ 2018-07-30T15:11:45+08:00 ] 127.0.0.1 GET /public/static/plugins/bootstrap-table/fonts/glyphicons-halflings-regular.ttf
[ info ] 127.0.0.1/public/static/plugins/bootstrap-table/fonts/glyphicons-halflings-regular.ttf [运行时间：0.033131s][吞吐率：30.18req/s] [内存消耗：1,322.04kb] [文件加载：38]
[ info ] [ LANG ] D:\phpStudy\TestManagementSystem\htdocs\thinkphp\lang\zh-cn.php
[ info ] [ ROUTE ] array (
  'type' => 'module',
  'module' => 
  array (
    0 => 'static',
    1 => 'plugins',
    2 => 'bootstrap-table',
  ),
)
[ info ] [ HEADER ] array (
  'host' => '127.0.0.1',
  'connection' => 'keep-alive',
  'origin' => 'http://127.0.0.1',
  'user-agent' => 'Mozilla/5.0 (Windows NT 10.0; Win64; x64) AppleWebKit/537.36 (KHTML, like Gecko) Chrome/67.0.3396.18 Safari/537.36',
  'accept' => '*/*',
  'referer' => 'http://127.0.0.1/public/static/plugins/bootstrap-table/css/bootstrap.min.css',
  'accept-encoding' => 'gzip, deflate, br',
  'accept-language' => 'zh-CN,zh;q=0.9',
  'cookie' => 'PHPSESSID=43fjc45noitnv6eiog64gkgar6; userName=null; rememberUser=null',
)
[ info ] [ PARAM ] array (
  'fonts' => 'glyphicons-halflings-regular.ttf',
)
[ info ] [ LOG ] INIT File
---------------------------------------------------------------
[ 2018-07-30T15:11:46+08:00 ] 127.0.0.1 GET /index.php/testcase/testcase_management/getTestCase?nodeId=112&order=asc&offset=0&limit=20&_=1532934704396
[ info ] 127.0.0.1/index.php/testcase/testcase_management/getTestCase?nodeId=112&order=asc&offset=0&limit=20&_=1532934704396 [运行时间：0.131124s][吞吐率：7.63req/s] [内存消耗：2,718.75kb] [文件加载：51]
[ info ] [ LANG ] D:\phpStudy\TestManagementSystem\htdocs\thinkphp\lang\zh-cn.php
[ info ] [ ROUTE ] array (
  'type' => 'module',
  'module' => 
  array (
    0 => 'testcase',
    1 => 'testcase_management',
    2 => 'getTestCase',
  ),
)
[ info ] [ HEADER ] array (
  'host' => '127.0.0.1',
  'connection' => 'keep-alive',
  'accept' => 'application/json, text/javascript, */*; q=0.01',
  'x-requested-with' => 'XMLHttpRequest',
  'user-agent' => 'Mozilla/5.0 (Windows NT 10.0; Win64; x64) AppleWebKit/537.36 (KHTML, like Gecko) Chrome/67.0.3396.18 Safari/537.36',
  'content-type' => 'application/json',
  'referer' => 'http://127.0.0.1/index.php/testcase/testcase_management',
  'accept-encoding' => 'gzip, deflate, br',
  'accept-language' => 'zh-CN,zh;q=0.9',
  'cookie' => 'PHPSESSID=43fjc45noitnv6eiog64gkgar6; userName=null; rememberUser=null',
)
[ info ] [ PARAM ] array (
  'nodeId' => '112',
  'order' => 'asc',
  'offset' => '0',
  'limit' => '20',
  '_' => '1532934704396',
)
[ info ] [ RUN ] app\testcase\controller\TestcaseManagement->getTestCase[ D:\phpStudy\TestManagementSystem\htdocs\application\testcase\controller\TestcaseManagement.php ]
[ info ] [ DB ] INIT mysql
[ info ] [ LOG ] INIT File
[ sql ] [ DB ] CONNECT:[ UseTime:0.011068s ] mysql:host=127.0.0.1;dbname=tms;charset=utf8
[ sql ] [ SQL ] SHOW COLUMNS FROM `tms_testcase` [ RunTime:0.043920s ]
[ sql ] [ SQL ] SELECT * FROM `tms_testcase` WHERE  `status` <> 0  AND `node_id` = 112 ORDER BY id desc LIMIT 0,20 [ RunTime:0.001037s ]
[ sql ] [ SQL ] SELECT COUNT(*) AS tp_count FROM `tms_testcase` WHERE  `status` <> 0  AND `node_id` = 112 LIMIT 1 [ RunTime:0.001196s ]
---------------------------------------------------------------
[ 2018-07-30T15:11:46+08:00 ] 127.0.0.1 GET /index.php/testcase/testcase_management/flow_page?nodeId=112
[ info ] 127.0.0.1/index.php/testcase/testcase_management/flow_page?nodeId=112 [运行时间：0.134814s][吞吐率：7.42req/s] [内存消耗：2,874.50kb] [文件加载：54]
[ info ] [ LANG ] D:\phpStudy\TestManagementSystem\htdocs\thinkphp\lang\zh-cn.php
[ info ] [ ROUTE ] array (
  'type' => 'module',
  'module' => 
  array (
    0 => 'testcase',
    1 => 'testcase_management',
    2 => 'flow_page',
  ),
)
[ info ] [ HEADER ] array (
  'host' => '127.0.0.1',
  'connection' => 'keep-alive',
  'upgrade-insecure-requests' => '1',
  'user-agent' => 'Mozilla/5.0 (Windows NT 10.0; Win64; x64) AppleWebKit/537.36 (KHTML, like Gecko) Chrome/67.0.3396.18 Safari/537.36',
  'accept' => 'text/html,application/xhtml+xml,application/xml;q=0.9,image/webp,image/apng,*/*;q=0.8',
  'referer' => 'http://127.0.0.1/index.php/testcase/testcase_management',
  'accept-encoding' => 'gzip, deflate, br',
  'accept-language' => 'zh-CN,zh;q=0.9',
  'cookie' => 'PHPSESSID=43fjc45noitnv6eiog64gkgar6; userName=null; rememberUser=null',
)
[ info ] [ PARAM ] array (
  'nodeId' => '112',
)
[ info ] [ RUN ] app\testcase\controller\TestcaseManagement->flow_page[ D:\phpStudy\TestManagementSystem\htdocs\application\testcase\controller\TestcaseManagement.php ]
[ info ] [ DB ] INIT mysql
[ info ] [ SESSION ] INIT array (
  'id' => '',
  'var_session_id' => '',
  'prefix' => 'think',
  'type' => '',
  'auto_start' => true,
)
[ info ] [ VIEW ] D:\phpStudy\TestManagementSystem\htdocs/application/testcase\view\testcase_management\flow_page.html [ array (
  0 => 'nodeId',
  1 => 'nodeName',
  2 => 'PrjId',
  3 => 'creatorName',
  4 => 'realName',
  5 => 'userID',
) ]
[ info ] [ LOG ] INIT File
[ sql ] [ DB ] CONNECT:[ UseTime:0.010778s ] mysql:host=127.0.0.1;dbname=tms;charset=utf8
[ sql ] [ SQL ] SHOW COLUMNS FROM `tms_node` [ RunTime:0.042980s ]
[ sql ] [ SQL ] SELECT * FROM `tms_node` WHERE  `id` = 112 LIMIT 1 [ RunTime:0.000626s ]
---------------------------------------------------------------
[ 2018-07-30T15:11:47+08:00 ] 127.0.0.1 POST /index.php/testcase/testcase_management/getFlowData
[ info ] 127.0.0.1/index.php/testcase/testcase_management/getFlowData [运行时间：0.142082s][吞吐率：7.04req/s] [内存消耗：2,712.84kb] [文件加载：51]
[ info ] [ LANG ] D:\phpStudy\TestManagementSystem\htdocs\thinkphp\lang\zh-cn.php
[ info ] [ ROUTE ] array (
  'type' => 'module',
  'module' => 
  array (
    0 => 'testcase',
    1 => 'testcase_management',
    2 => 'getFlowData',
  ),
)
[ info ] [ HEADER ] array (
  'host' => '127.0.0.1',
  'connection' => 'keep-alive',
  'content-length' => '10',
  'accept' => '*/*',
  'origin' => 'http://127.0.0.1',
  'x-requested-with' => 'XMLHttpRequest',
  'user-agent' => 'Mozilla/5.0 (Windows NT 10.0; Win64; x64) AppleWebKit/537.36 (KHTML, like Gecko) Chrome/67.0.3396.18 Safari/537.36',
  'content-type' => 'application/x-www-form-urlencoded; charset=UTF-8',
  'referer' => 'http://127.0.0.1/index.php/testcase/testcase_management/flow_page?nodeId=112',
  'accept-encoding' => 'gzip, deflate, br',
  'accept-language' => 'zh-CN,zh;q=0.9',
  'cookie' => 'PHPSESSID=43fjc45noitnv6eiog64gkgar6; userName=null; rememberUser=null',
)
[ info ] [ PARAM ] array (
  'nodeId' => '112',
)
[ info ] [ RUN ] app\testcase\controller\TestcaseManagement->getFlowData[ D:\phpStudy\TestManagementSystem\htdocs\application\testcase\controller\TestcaseManagement.php ]
[ info ] [ DB ] INIT mysql
[ info ] [ LOG ] INIT File
[ sql ] [ DB ] CONNECT:[ UseTime:0.001497s ] mysql:host=127.0.0.1;dbname=tms;charset=utf8
[ sql ] [ SQL ] SHOW COLUMNS FROM `tms_flow` [ RunTime:0.046038s ]
[ sql ] [ SQL ] SELECT * FROM `tms_flow` WHERE  `node_id` = 112 LIMIT 1 [ RunTime:0.020412s ]
---------------------------------------------------------------
[ 2018-07-30T15:11:47+08:00 ] 127.0.0.1 GET /index.php/testcase/testcase_management/getTestCase?nodeId=111&order=asc&offset=0&limit=20&_=1532934704397
[ info ] 127.0.0.1/index.php/testcase/testcase_management/getTestCase?nodeId=111&order=asc&offset=0&limit=20&_=1532934704397 [运行时间：0.094188s][吞吐率：10.62req/s] [内存消耗：2,718.75kb] [文件加载：51]
[ info ] [ LANG ] D:\phpStudy\TestManagementSystem\htdocs\thinkphp\lang\zh-cn.php
[ info ] [ ROUTE ] array (
  'type' => 'module',
  'module' => 
  array (
    0 => 'testcase',
    1 => 'testcase_management',
    2 => 'getTestCase',
  ),
)
[ info ] [ HEADER ] array (
  'host' => '127.0.0.1',
  'connection' => 'keep-alive',
  'accept' => 'application/json, text/javascript, */*; q=0.01',
  'x-requested-with' => 'XMLHttpRequest',
  'user-agent' => 'Mozilla/5.0 (Windows NT 10.0; Win64; x64) AppleWebKit/537.36 (KHTML, like Gecko) Chrome/67.0.3396.18 Safari/537.36',
  'content-type' => 'application/json',
  'referer' => 'http://127.0.0.1/index.php/testcase/testcase_management',
  'accept-encoding' => 'gzip, deflate, br',
  'accept-language' => 'zh-CN,zh;q=0.9',
  'cookie' => 'PHPSESSID=43fjc45noitnv6eiog64gkgar6; userName=null; rememberUser=null',
)
[ info ] [ PARAM ] array (
  'nodeId' => '111',
  'order' => 'asc',
  'offset' => '0',
  'limit' => '20',
  '_' => '1532934704397',
)
[ info ] [ RUN ] app\testcase\controller\TestcaseManagement->getTestCase[ D:\phpStudy\TestManagementSystem\htdocs\application\testcase\controller\TestcaseManagement.php ]
[ info ] [ DB ] INIT mysql
[ info ] [ LOG ] INIT File
[ sql ] [ DB ] CONNECT:[ UseTime:0.001109s ] mysql:host=127.0.0.1;dbname=tms;charset=utf8
[ sql ] [ SQL ] SHOW COLUMNS FROM `tms_testcase` [ RunTime:0.030948s ]
[ sql ] [ SQL ] SELECT * FROM `tms_testcase` WHERE  `status` <> 0  AND `node_id` = 111 ORDER BY id desc LIMIT 0,20 [ RunTime:0.000707s ]
[ sql ] [ SQL ] SELECT COUNT(*) AS tp_count FROM `tms_testcase` WHERE  `status` <> 0  AND `node_id` = 111 LIMIT 1 [ RunTime:0.000403s ]
---------------------------------------------------------------
[ 2018-07-30T15:11:47+08:00 ] 127.0.0.1 GET /index.php/testcase/testcase_management/flow_page?nodeId=111
[ info ] 127.0.0.1/index.php/testcase/testcase_management/flow_page?nodeId=111 [运行时间：0.088481s][吞吐率：11.30req/s] [内存消耗：2,718.52kb] [文件加载：52]
[ info ] [ LANG ] D:\phpStudy\TestManagementSystem\htdocs\thinkphp\lang\zh-cn.php
[ info ] [ ROUTE ] array (
  'type' => 'module',
  'module' => 
  array (
    0 => 'testcase',
    1 => 'testcase_management',
    2 => 'flow_page',
  ),
)
[ info ] [ HEADER ] array (
  'host' => '127.0.0.1',
  'connection' => 'keep-alive',
  'upgrade-insecure-requests' => '1',
  'user-agent' => 'Mozilla/5.0 (Windows NT 10.0; Win64; x64) AppleWebKit/537.36 (KHTML, like Gecko) Chrome/67.0.3396.18 Safari/537.36',
  'accept' => 'text/html,application/xhtml+xml,application/xml;q=0.9,image/webp,image/apng,*/*;q=0.8',
  'referer' => 'http://127.0.0.1/index.php/testcase/testcase_management',
  'accept-encoding' => 'gzip, deflate, br',
  'accept-language' => 'zh-CN,zh;q=0.9',
  'cookie' => 'PHPSESSID=43fjc45noitnv6eiog64gkgar6; userName=null; rememberUser=null',
)
[ info ] [ PARAM ] array (
  'nodeId' => '111',
)
[ info ] [ RUN ] app\testcase\controller\TestcaseManagement->flow_page[ D:\phpStudy\TestManagementSystem\htdocs\application\testcase\controller\TestcaseManagement.php ]
[ info ] [ DB ] INIT mysql
[ info ] [ SESSION ] INIT array (
  'id' => '',
  'var_session_id' => '',
  'prefix' => 'think',
  'type' => '',
  'auto_start' => true,
)
[ info ] [ VIEW ] D:\phpStudy\TestManagementSystem\htdocs/application/testcase\view\testcase_management\flow_page.html [ array (
  0 => 'nodeId',
  1 => 'nodeName',
  2 => 'PrjId',
  3 => 'creatorName',
  4 => 'realName',
  5 => 'userID',
) ]
[ info ] [ LOG ] INIT File
[ sql ] [ DB ] CONNECT:[ UseTime:0.001480s ] mysql:host=127.0.0.1;dbname=tms;charset=utf8
[ sql ] [ SQL ] SHOW COLUMNS FROM `tms_node` [ RunTime:0.027378s ]
[ sql ] [ SQL ] SELECT * FROM `tms_node` WHERE  `id` = 111 LIMIT 1 [ RunTime:0.000477s ]
---------------------------------------------------------------
[ 2018-07-30T15:11:48+08:00 ] 127.0.0.1 POST /index.php/testcase/testcase_management/getFlowData
[ info ] 127.0.0.1/index.php/testcase/testcase_management/getFlowData [运行时间：0.105179s][吞吐率：9.51req/s] [内存消耗：2,712.84kb] [文件加载：51]
[ info ] [ LANG ] D:\phpStudy\TestManagementSystem\htdocs\thinkphp\lang\zh-cn.php
[ info ] [ ROUTE ] array (
  'type' => 'module',
  'module' => 
  array (
    0 => 'testcase',
    1 => 'testcase_management',
    2 => 'getFlowData',
  ),
)
[ info ] [ HEADER ] array (
  'host' => '127.0.0.1',
  'connection' => 'keep-alive',
  'content-length' => '10',
  'accept' => '*/*',
  'origin' => 'http://127.0.0.1',
  'x-requested-with' => 'XMLHttpRequest',
  'user-agent' => 'Mozilla/5.0 (Windows NT 10.0; Win64; x64) AppleWebKit/537.36 (KHTML, like Gecko) Chrome/67.0.3396.18 Safari/537.36',
  'content-type' => 'application/x-www-form-urlencoded; charset=UTF-8',
  'referer' => 'http://127.0.0.1/index.php/testcase/testcase_management/flow_page?nodeId=111',
  'accept-encoding' => 'gzip, deflate, br',
  'accept-language' => 'zh-CN,zh;q=0.9',
  'cookie' => 'PHPSESSID=43fjc45noitnv6eiog64gkgar6; userName=null; rememberUser=null',
)
[ info ] [ PARAM ] array (
  'nodeId' => '111',
)
[ info ] [ RUN ] app\testcase\controller\TestcaseManagement->getFlowData[ D:\phpStudy\TestManagementSystem\htdocs\application\testcase\controller\TestcaseManagement.php ]
[ info ] [ DB ] INIT mysql
[ info ] [ LOG ] INIT File
[ sql ] [ DB ] CONNECT:[ UseTime:0.001584s ] mysql:host=127.0.0.1;dbname=tms;charset=utf8
[ sql ] [ SQL ] SHOW COLUMNS FROM `tms_flow` [ RunTime:0.023363s ]
[ sql ] [ SQL ] SELECT * FROM `tms_flow` WHERE  `node_id` = 111 LIMIT 1 [ RunTime:0.001336s ]
---------------------------------------------------------------
[ 2018-07-30T15:11:48+08:00 ] 127.0.0.1 GET /index.php/testcase/testcase_management/getTestCase?nodeId=110&order=asc&offset=0&limit=20&_=1532934704398
[ info ] 127.0.0.1/index.php/testcase/testcase_management/getTestCase?nodeId=110&order=asc&offset=0&limit=20&_=1532934704398 [运行时间：0.115997s][吞吐率：8.62req/s] [内存消耗：2,718.75kb] [文件加载：51]
[ info ] [ LANG ] D:\phpStudy\TestManagementSystem\htdocs\thinkphp\lang\zh-cn.php
[ info ] [ ROUTE ] array (
  'type' => 'module',
  'module' => 
  array (
    0 => 'testcase',
    1 => 'testcase_management',
    2 => 'getTestCase',
  ),
)
[ info ] [ HEADER ] array (
  'host' => '127.0.0.1',
  'connection' => 'keep-alive',
  'accept' => 'application/json, text/javascript, */*; q=0.01',
  'x-requested-with' => 'XMLHttpRequest',
  'user-agent' => 'Mozilla/5.0 (Windows NT 10.0; Win64; x64) AppleWebKit/537.36 (KHTML, like Gecko) Chrome/67.0.3396.18 Safari/537.36',
  'content-type' => 'application/json',
  'referer' => 'http://127.0.0.1/index.php/testcase/testcase_management',
  'accept-encoding' => 'gzip, deflate, br',
  'accept-language' => 'zh-CN,zh;q=0.9',
  'cookie' => 'PHPSESSID=43fjc45noitnv6eiog64gkgar6; userName=null; rememberUser=null',
)
[ info ] [ PARAM ] array (
  'nodeId' => '110',
  'order' => 'asc',
  'offset' => '0',
  'limit' => '20',
  '_' => '1532934704398',
)
[ info ] [ RUN ] app\testcase\controller\TestcaseManagement->getTestCase[ D:\phpStudy\TestManagementSystem\htdocs\application\testcase\controller\TestcaseManagement.php ]
[ info ] [ DB ] INIT mysql
[ info ] [ LOG ] INIT File
[ sql ] [ DB ] CONNECT:[ UseTime:0.002919s ] mysql:host=127.0.0.1;dbname=tms;charset=utf8
[ sql ] [ SQL ] SHOW COLUMNS FROM `tms_testcase` [ RunTime:0.033418s ]
[ sql ] [ SQL ] SELECT * FROM `tms_testcase` WHERE  `status` <> 0  AND `node_id` = 110 ORDER BY id desc LIMIT 0,20 [ RunTime:0.001135s ]
[ sql ] [ SQL ] SELECT COUNT(*) AS tp_count FROM `tms_testcase` WHERE  `status` <> 0  AND `node_id` = 110 LIMIT 1 [ RunTime:0.000773s ]
---------------------------------------------------------------
[ 2018-07-30T15:11:48+08:00 ] 127.0.0.1 GET /index.php/testcase/testcase_management/flow_page?nodeId=110
[ info ] 127.0.0.1/index.php/testcase/testcase_management/flow_page?nodeId=110 [运行时间：0.157082s][吞吐率：6.37req/s] [内存消耗：2,718.53kb] [文件加载：52]
[ info ] [ LANG ] D:\phpStudy\TestManagementSystem\htdocs\thinkphp\lang\zh-cn.php
[ info ] [ ROUTE ] array (
  'type' => 'module',
  'module' => 
  array (
    0 => 'testcase',
    1 => 'testcase_management',
    2 => 'flow_page',
  ),
)
[ info ] [ HEADER ] array (
  'host' => '127.0.0.1',
  'connection' => 'keep-alive',
  'upgrade-insecure-requests' => '1',
  'user-agent' => 'Mozilla/5.0 (Windows NT 10.0; Win64; x64) AppleWebKit/537.36 (KHTML, like Gecko) Chrome/67.0.3396.18 Safari/537.36',
  'accept' => 'text/html,application/xhtml+xml,application/xml;q=0.9,image/webp,image/apng,*/*;q=0.8',
  'referer' => 'http://127.0.0.1/index.php/testcase/testcase_management',
  'accept-encoding' => 'gzip, deflate, br',
  'accept-language' => 'zh-CN,zh;q=0.9',
  'cookie' => 'PHPSESSID=43fjc45noitnv6eiog64gkgar6; userName=null; rememberUser=null',
)
[ info ] [ PARAM ] array (
  'nodeId' => '110',
)
[ info ] [ RUN ] app\testcase\controller\TestcaseManagement->flow_page[ D:\phpStudy\TestManagementSystem\htdocs\application\testcase\controller\TestcaseManagement.php ]
[ info ] [ DB ] INIT mysql
[ info ] [ SESSION ] INIT array (
  'id' => '',
  'var_session_id' => '',
  'prefix' => 'think',
  'type' => '',
  'auto_start' => true,
)
[ info ] [ VIEW ] D:\phpStudy\TestManagementSystem\htdocs/application/testcase\view\testcase_management\flow_page.html [ array (
  0 => 'nodeId',
  1 => 'nodeName',
  2 => 'PrjId',
  3 => 'creatorName',
  4 => 'realName',
  5 => 'userID',
) ]
[ info ] [ LOG ] INIT File
[ sql ] [ DB ] CONNECT:[ UseTime:0.001934s ] mysql:host=127.0.0.1;dbname=tms;charset=utf8
[ sql ] [ SQL ] SHOW COLUMNS FROM `tms_node` [ RunTime:0.020839s ]
[ sql ] [ SQL ] SELECT * FROM `tms_node` WHERE  `id` = 110 LIMIT 1 [ RunTime:0.000612s ]
---------------------------------------------------------------
[ 2018-07-30T15:11:48+08:00 ] 127.0.0.1 POST /index.php/testcase/testcase_management/getFlowData
[ info ] 127.0.0.1/index.php/testcase/testcase_management/getFlowData [运行时间：0.118424s][吞吐率：8.44req/s] [内存消耗：2,712.84kb] [文件加载：51]
[ info ] [ LANG ] D:\phpStudy\TestManagementSystem\htdocs\thinkphp\lang\zh-cn.php
[ info ] [ ROUTE ] array (
  'type' => 'module',
  'module' => 
  array (
    0 => 'testcase',
    1 => 'testcase_management',
    2 => 'getFlowData',
  ),
)
[ info ] [ HEADER ] array (
  'host' => '127.0.0.1',
  'connection' => 'keep-alive',
  'content-length' => '10',
  'accept' => '*/*',
  'origin' => 'http://127.0.0.1',
  'x-requested-with' => 'XMLHttpRequest',
  'user-agent' => 'Mozilla/5.0 (Windows NT 10.0; Win64; x64) AppleWebKit/537.36 (KHTML, like Gecko) Chrome/67.0.3396.18 Safari/537.36',
  'content-type' => 'application/x-www-form-urlencoded; charset=UTF-8',
  'referer' => 'http://127.0.0.1/index.php/testcase/testcase_management/flow_page?nodeId=110',
  'accept-encoding' => 'gzip, deflate, br',
  'accept-language' => 'zh-CN,zh;q=0.9',
  'cookie' => 'PHPSESSID=43fjc45noitnv6eiog64gkgar6; userName=null; rememberUser=null',
)
[ info ] [ PARAM ] array (
  'nodeId' => '110',
)
[ info ] [ RUN ] app\testcase\controller\TestcaseManagement->getFlowData[ D:\phpStudy\TestManagementSystem\htdocs\application\testcase\controller\TestcaseManagement.php ]
[ info ] [ DB ] INIT mysql
[ info ] [ LOG ] INIT File
[ sql ] [ DB ] CONNECT:[ UseTime:0.002510s ] mysql:host=127.0.0.1;dbname=tms;charset=utf8
[ sql ] [ SQL ] SHOW COLUMNS FROM `tms_flow` [ RunTime:0.030820s ]
[ sql ] [ SQL ] SELECT * FROM `tms_flow` WHERE  `node_id` = 110 LIMIT 1 [ RunTime:0.001125s ]
